<?xml version="1.0" encoding="UTF-8"?>
<testsuite xmlns:xsi="http://www.w3.org/2001/XMLSchema-instance" xsi:noNamespaceSchemaLocation="https://maven.apache.org/surefire/maven-surefire-plugin/xsd/surefire-test-report-3.0.xsd" version="3.0" name="TestSuite" time="10.034" tests="9" errors="0" skipped="2" failures="0">
  <properties>
    <property name="java.specification.version" value="16"/>
    <property name="webdriver.chrome.driver" value="/Users/sumitagnihotri/.cache/selenium/chromedriver/mac64/92.0.4515.107/chromedriver"/>
    <property name="sun.jnu.encoding" value="UTF-8"/>
    <property name="java.class.path" value="/Volumes/iStore/Idea-Worksapce/DataDrivenFramework/target/test-classes:/Volumes/iStore/Idea-Worksapce/DataDrivenFramework/target/classes:/Users/sumitagnihotri/.m2/repository/org/testng/testng/7.4.0/testng-7.4.0.jar:/Users/sumitagnihotri/.m2/repository/com/beust/jcommander/1.78/jcommander-1.78.jar:/Users/sumitagnihotri/.m2/repository/org/webjars/jquery/3.5.1/jquery-3.5.1.jar:/Users/sumitagnihotri/.m2/repository/org/seleniumhq/selenium/selenium-java/3.141.59/selenium-java-3.141.59.jar:/Users/sumitagnihotri/.m2/repository/org/seleniumhq/selenium/selenium-api/3.141.59/selenium-api-3.141.59.jar:/Users/sumitagnihotri/.m2/repository/org/seleniumhq/selenium/selenium-chrome-driver/3.141.59/selenium-chrome-driver-3.141.59.jar:/Users/sumitagnihotri/.m2/repository/org/seleniumhq/selenium/selenium-edge-driver/3.141.59/selenium-edge-driver-3.141.59.jar:/Users/sumitagnihotri/.m2/repository/org/seleniumhq/selenium/selenium-firefox-driver/3.141.59/selenium-firefox-driver-3.141.59.jar:/Users/sumitagnihotri/.m2/repository/org/seleniumhq/selenium/selenium-ie-driver/3.141.59/selenium-ie-driver-3.141.59.jar:/Users/sumitagnihotri/.m2/repository/org/seleniumhq/selenium/selenium-opera-driver/3.141.59/selenium-opera-driver-3.141.59.jar:/Users/sumitagnihotri/.m2/repository/org/seleniumhq/selenium/selenium-remote-driver/3.141.59/selenium-remote-driver-3.141.59.jar:/Users/sumitagnihotri/.m2/repository/org/seleniumhq/selenium/selenium-safari-driver/3.141.59/selenium-safari-driver-3.141.59.jar:/Users/sumitagnihotri/.m2/repository/org/seleniumhq/selenium/selenium-support/3.141.59/selenium-support-3.141.59.jar:/Users/sumitagnihotri/.m2/repository/net/bytebuddy/byte-buddy/1.8.15/byte-buddy-1.8.15.jar:/Users/sumitagnihotri/.m2/repository/org/apache/commons/commons-exec/1.3/commons-exec-1.3.jar:/Users/sumitagnihotri/.m2/repository/com/google/guava/guava/25.0-jre/guava-25.0-jre.jar:/Users/sumitagnihotri/.m2/repository/com/google/code/findbugs/jsr305/1.3.9/jsr305-1.3.9.jar:/Users/sumitagnihotri/.m2/repository/org/checkerframework/checker-compat-qual/2.0.0/checker-compat-qual-2.0.0.jar:/Users/sumitagnihotri/.m2/repository/com/google/errorprone/error_prone_annotations/2.1.3/error_prone_annotations-2.1.3.jar:/Users/sumitagnihotri/.m2/repository/com/google/j2objc/j2objc-annotations/1.1/j2objc-annotations-1.1.jar:/Users/sumitagnihotri/.m2/repository/org/codehaus/mojo/animal-sniffer-annotations/1.14/animal-sniffer-annotations-1.14.jar:/Users/sumitagnihotri/.m2/repository/com/squareup/okhttp3/okhttp/3.11.0/okhttp-3.11.0.jar:/Users/sumitagnihotri/.m2/repository/com/squareup/okio/okio/1.14.0/okio-1.14.0.jar:/Users/sumitagnihotri/.m2/repository/io/github/bonigarcia/webdrivermanager/4.4.3/webdrivermanager-4.4.3.jar:/Users/sumitagnihotri/.m2/repository/org/slf4j/slf4j-api/1.7.30/slf4j-api-1.7.30.jar:/Users/sumitagnihotri/.m2/repository/commons-io/commons-io/2.8.0/commons-io-2.8.0.jar:/Users/sumitagnihotri/.m2/repository/com/google/code/gson/gson/2.8.6/gson-2.8.6.jar:/Users/sumitagnihotri/.m2/repository/org/apache/commons/commons-lang3/3.12.0/commons-lang3-3.12.0.jar:/Users/sumitagnihotri/.m2/repository/org/apache/httpcomponents/client5/httpclient5/5.0.3/httpclient5-5.0.3.jar:/Users/sumitagnihotri/.m2/repository/org/apache/httpcomponents/core5/httpcore5/5.0.2/httpcore5-5.0.2.jar:/Users/sumitagnihotri/.m2/repository/org/apache/httpcomponents/core5/httpcore5-h2/5.0.2/httpcore5-h2-5.0.2.jar:/Users/sumitagnihotri/.m2/repository/org/rauschig/jarchivelib/1.1.0/jarchivelib-1.1.0.jar:/Users/sumitagnihotri/.m2/repository/org/jsoup/jsoup/1.13.1/jsoup-1.13.1.jar:/Users/sumitagnihotri/.m2/repository/com/aventstack/extentreports/5.0.8/extentreports-5.0.8.jar:/Users/sumitagnihotri/.m2/repository/io/reactivex/rxjava3/rxjava/3.0.4/rxjava-3.0.4.jar:/Users/sumitagnihotri/.m2/repository/org/reactivestreams/reactive-streams/1.0.3/reactive-streams-1.0.3.jar:/Users/sumitagnihotri/.m2/repository/org/freemarker/freemarker/2.3.30/freemarker-2.3.30.jar:/Users/sumitagnihotri/.m2/repository/org/uncommons/reportng/1.1.4/reportng-1.1.4.jar:/Users/sumitagnihotri/.m2/repository/velocity/velocity/1.4/velocity-1.4.jar:/Users/sumitagnihotri/.m2/repository/velocity/velocity-dep/1.4/velocity-dep-1.4.jar:/Users/sumitagnihotri/.m2/repository/com/google/inject/guice/4.1.0/guice-4.1.0.jar:/Users/sumitagnihotri/.m2/repository/javax/inject/javax.inject/1/javax.inject-1.jar:/Users/sumitagnihotri/.m2/repository/aopalliance/aopalliance/1.0/aopalliance-1.0.jar:/Users/sumitagnihotri/.m2/repository/log4j/log4j/1.2.17/log4j-1.2.17.jar:/Users/sumitagnihotri/.m2/repository/javax/mail/mail/1.4.7/mail-1.4.7.jar:/Users/sumitagnihotri/.m2/repository/javax/activation/activation/1.1/activation-1.1.jar:/Users/sumitagnihotri/.m2/repository/mysql/mysql-connector-java/8.0.25/mysql-connector-java-8.0.25.jar:/Users/sumitagnihotri/.m2/repository/com/google/protobuf/protobuf-java/3.11.4/protobuf-java-3.11.4.jar:/Users/sumitagnihotri/.m2/repository/com/microsoft/sqlserver/mssql-jdbc/9.4.0.jre16/mssql-jdbc-9.4.0.jre16.jar:/Users/sumitagnihotri/.m2/repository/org/apache/poi/poi/4.1.1/poi-4.1.1.jar:/Users/sumitagnihotri/.m2/repository/commons-codec/commons-codec/1.13/commons-codec-1.13.jar:/Users/sumitagnihotri/.m2/repository/org/apache/commons/commons-collections4/4.4/commons-collections4-4.4.jar:/Users/sumitagnihotri/.m2/repository/org/apache/commons/commons-math3/3.6.1/commons-math3-3.6.1.jar:/Users/sumitagnihotri/.m2/repository/org/apache/poi/poi-ooxml/4.1.1/poi-ooxml-4.1.1.jar:/Users/sumitagnihotri/.m2/repository/org/apache/commons/commons-compress/1.19/commons-compress-1.19.jar:/Users/sumitagnihotri/.m2/repository/com/github/virtuald/curvesapi/1.06/curvesapi-1.06.jar:/Users/sumitagnihotri/.m2/repository/dom4j/dom4j/1.6.1/dom4j-1.6.1.jar:/Users/sumitagnihotri/.m2/repository/xml-apis/xml-apis/1.0.b2/xml-apis-1.0.b2.jar:/Users/sumitagnihotri/.m2/repository/org/apache/xmlbeans/xmlbeans/3.1.0/xmlbeans-3.1.0.jar:/Users/sumitagnihotri/.m2/repository/org/apache/poi/poi-ooxml-schemas/4.1.1/poi-ooxml-schemas-4.1.1.jar:/Users/sumitagnihotri/.m2/repository/org/projectlombok/lombok/1.18.20/lombok-1.18.20.jar:"/>
    <property name="java.vm.vendor" value="Oracle Corporation"/>
    <property name="sun.arch.data.model" value="64"/>
    <property name="java.vendor.url" value="https://java.oracle.com/"/>
    <property name="user.timezone" value="Asia/Kolkata"/>
    <property name="os.name" value="Mac OS X"/>
    <property name="java.vm.specification.version" value="16"/>
    <property name="sun.java.launcher" value="SUN_STANDARD"/>
    <property name="user.country" value="GB"/>
    <property name="sun.boot.library.path" value="/Library/Java/JavaVirtualMachines/jdk-16.0.2.jdk/Contents/Home/lib"/>
    <property name="sun.java.command" value="/Volumes/iStore/Idea-Worksapce/DataDrivenFramework/target/surefire/surefirebooter9841203403829292243.jar /Volumes/iStore/Idea-Worksapce/DataDrivenFramework/target/surefire 2021-08-17T19-02-43_848-jvmRun1 surefire4240505341299757006tmp surefire_014271081071894475006tmp"/>
    <property name="http.nonProxyHosts" value="local|*.local|169.254/16|*.169.254/16"/>
    <property name="jdk.debug" value="release"/>
    <property name="surefire.test.class.path" value="/Volumes/iStore/Idea-Worksapce/DataDrivenFramework/target/test-classes:/Volumes/iStore/Idea-Worksapce/DataDrivenFramework/target/classes:/Users/sumitagnihotri/.m2/repository/org/testng/testng/7.4.0/testng-7.4.0.jar:/Users/sumitagnihotri/.m2/repository/com/beust/jcommander/1.78/jcommander-1.78.jar:/Users/sumitagnihotri/.m2/repository/org/webjars/jquery/3.5.1/jquery-3.5.1.jar:/Users/sumitagnihotri/.m2/repository/org/seleniumhq/selenium/selenium-java/3.141.59/selenium-java-3.141.59.jar:/Users/sumitagnihotri/.m2/repository/org/seleniumhq/selenium/selenium-api/3.141.59/selenium-api-3.141.59.jar:/Users/sumitagnihotri/.m2/repository/org/seleniumhq/selenium/selenium-chrome-driver/3.141.59/selenium-chrome-driver-3.141.59.jar:/Users/sumitagnihotri/.m2/repository/org/seleniumhq/selenium/selenium-edge-driver/3.141.59/selenium-edge-driver-3.141.59.jar:/Users/sumitagnihotri/.m2/repository/org/seleniumhq/selenium/selenium-firefox-driver/3.141.59/selenium-firefox-driver-3.141.59.jar:/Users/sumitagnihotri/.m2/repository/org/seleniumhq/selenium/selenium-ie-driver/3.141.59/selenium-ie-driver-3.141.59.jar:/Users/sumitagnihotri/.m2/repository/org/seleniumhq/selenium/selenium-opera-driver/3.141.59/selenium-opera-driver-3.141.59.jar:/Users/sumitagnihotri/.m2/repository/org/seleniumhq/selenium/selenium-remote-driver/3.141.59/selenium-remote-driver-3.141.59.jar:/Users/sumitagnihotri/.m2/repository/org/seleniumhq/selenium/selenium-safari-driver/3.141.59/selenium-safari-driver-3.141.59.jar:/Users/sumitagnihotri/.m2/repository/org/seleniumhq/selenium/selenium-support/3.141.59/selenium-support-3.141.59.jar:/Users/sumitagnihotri/.m2/repository/net/bytebuddy/byte-buddy/1.8.15/byte-buddy-1.8.15.jar:/Users/sumitagnihotri/.m2/repository/org/apache/commons/commons-exec/1.3/commons-exec-1.3.jar:/Users/sumitagnihotri/.m2/repository/com/google/guava/guava/25.0-jre/guava-25.0-jre.jar:/Users/sumitagnihotri/.m2/repository/com/google/code/findbugs/jsr305/1.3.9/jsr305-1.3.9.jar:/Users/sumitagnihotri/.m2/repository/org/checkerframework/checker-compat-qual/2.0.0/checker-compat-qual-2.0.0.jar:/Users/sumitagnihotri/.m2/repository/com/google/errorprone/error_prone_annotations/2.1.3/error_prone_annotations-2.1.3.jar:/Users/sumitagnihotri/.m2/repository/com/google/j2objc/j2objc-annotations/1.1/j2objc-annotations-1.1.jar:/Users/sumitagnihotri/.m2/repository/org/codehaus/mojo/animal-sniffer-annotations/1.14/animal-sniffer-annotations-1.14.jar:/Users/sumitagnihotri/.m2/repository/com/squareup/okhttp3/okhttp/3.11.0/okhttp-3.11.0.jar:/Users/sumitagnihotri/.m2/repository/com/squareup/okio/okio/1.14.0/okio-1.14.0.jar:/Users/sumitagnihotri/.m2/repository/io/github/bonigarcia/webdrivermanager/4.4.3/webdrivermanager-4.4.3.jar:/Users/sumitagnihotri/.m2/repository/org/slf4j/slf4j-api/1.7.30/slf4j-api-1.7.30.jar:/Users/sumitagnihotri/.m2/repository/commons-io/commons-io/2.8.0/commons-io-2.8.0.jar:/Users/sumitagnihotri/.m2/repository/com/google/code/gson/gson/2.8.6/gson-2.8.6.jar:/Users/sumitagnihotri/.m2/repository/org/apache/commons/commons-lang3/3.12.0/commons-lang3-3.12.0.jar:/Users/sumitagnihotri/.m2/repository/org/apache/httpcomponents/client5/httpclient5/5.0.3/httpclient5-5.0.3.jar:/Users/sumitagnihotri/.m2/repository/org/apache/httpcomponents/core5/httpcore5/5.0.2/httpcore5-5.0.2.jar:/Users/sumitagnihotri/.m2/repository/org/apache/httpcomponents/core5/httpcore5-h2/5.0.2/httpcore5-h2-5.0.2.jar:/Users/sumitagnihotri/.m2/repository/org/rauschig/jarchivelib/1.1.0/jarchivelib-1.1.0.jar:/Users/sumitagnihotri/.m2/repository/org/jsoup/jsoup/1.13.1/jsoup-1.13.1.jar:/Users/sumitagnihotri/.m2/repository/com/aventstack/extentreports/5.0.8/extentreports-5.0.8.jar:/Users/sumitagnihotri/.m2/repository/io/reactivex/rxjava3/rxjava/3.0.4/rxjava-3.0.4.jar:/Users/sumitagnihotri/.m2/repository/org/reactivestreams/reactive-streams/1.0.3/reactive-streams-1.0.3.jar:/Users/sumitagnihotri/.m2/repository/org/freemarker/freemarker/2.3.30/freemarker-2.3.30.jar:/Users/sumitagnihotri/.m2/repository/org/uncommons/reportng/1.1.4/reportng-1.1.4.jar:/Users/sumitagnihotri/.m2/repository/velocity/velocity/1.4/velocity-1.4.jar:/Users/sumitagnihotri/.m2/repository/velocity/velocity-dep/1.4/velocity-dep-1.4.jar:/Users/sumitagnihotri/.m2/repository/com/google/inject/guice/4.1.0/guice-4.1.0.jar:/Users/sumitagnihotri/.m2/repository/javax/inject/javax.inject/1/javax.inject-1.jar:/Users/sumitagnihotri/.m2/repository/aopalliance/aopalliance/1.0/aopalliance-1.0.jar:/Users/sumitagnihotri/.m2/repository/log4j/log4j/1.2.17/log4j-1.2.17.jar:/Users/sumitagnihotri/.m2/repository/javax/mail/mail/1.4.7/mail-1.4.7.jar:/Users/sumitagnihotri/.m2/repository/javax/activation/activation/1.1/activation-1.1.jar:/Users/sumitagnihotri/.m2/repository/mysql/mysql-connector-java/8.0.25/mysql-connector-java-8.0.25.jar:/Users/sumitagnihotri/.m2/repository/com/google/protobuf/protobuf-java/3.11.4/protobuf-java-3.11.4.jar:/Users/sumitagnihotri/.m2/repository/com/microsoft/sqlserver/mssql-jdbc/9.4.0.jre16/mssql-jdbc-9.4.0.jre16.jar:/Users/sumitagnihotri/.m2/repository/org/apache/poi/poi/4.1.1/poi-4.1.1.jar:/Users/sumitagnihotri/.m2/repository/commons-codec/commons-codec/1.13/commons-codec-1.13.jar:/Users/sumitagnihotri/.m2/repository/org/apache/commons/commons-collections4/4.4/commons-collections4-4.4.jar:/Users/sumitagnihotri/.m2/repository/org/apache/commons/commons-math3/3.6.1/commons-math3-3.6.1.jar:/Users/sumitagnihotri/.m2/repository/org/apache/poi/poi-ooxml/4.1.1/poi-ooxml-4.1.1.jar:/Users/sumitagnihotri/.m2/repository/org/apache/commons/commons-compress/1.19/commons-compress-1.19.jar:/Users/sumitagnihotri/.m2/repository/com/github/virtuald/curvesapi/1.06/curvesapi-1.06.jar:/Users/sumitagnihotri/.m2/repository/dom4j/dom4j/1.6.1/dom4j-1.6.1.jar:/Users/sumitagnihotri/.m2/repository/xml-apis/xml-apis/1.0.b2/xml-apis-1.0.b2.jar:/Users/sumitagnihotri/.m2/repository/org/apache/xmlbeans/xmlbeans/3.1.0/xmlbeans-3.1.0.jar:/Users/sumitagnihotri/.m2/repository/org/apache/poi/poi-ooxml-schemas/4.1.1/poi-ooxml-schemas-4.1.1.jar:/Users/sumitagnihotri/.m2/repository/org/projectlombok/lombok/1.18.20/lombok-1.18.20.jar:"/>
    <property name="sun.cpu.endian" value="little"/>
    <property name="user.home" value="/Users/sumitagnihotri"/>
    <property name="user.language" value="en"/>
    <property name="java.specification.vendor" value="Oracle Corporation"/>
    <property name="java.version.date" value="2021-07-20"/>
    <property name="java.home" value="/Library/Java/JavaVirtualMachines/jdk-16.0.2.jdk/Contents/Home"/>
    <property name="file.separator" value="/"/>
    <property name="basedir" value="/Volumes/iStore/Idea-Worksapce/DataDrivenFramework"/>
    <property name="java.vm.compressedOopsMode" value="Zero based"/>
    <property name="line.separator" value="&#10;"/>
    <property name="java.vm.specification.vendor" value="Oracle Corporation"/>
    <property name="java.specification.name" value="Java Platform API Specification"/>
    <property name="surefire.real.class.path" value="/Volumes/iStore/Idea-Worksapce/DataDrivenFramework/target/surefire/surefirebooter9841203403829292243.jar"/>
    <property name="sun.management.compiler" value="HotSpot 64-Bit Tiered Compilers"/>
    <property name="ftp.nonProxyHosts" value="local|*.local|169.254/16|*.169.254/16"/>
    <property name="java.runtime.version" value="16.0.2+7-67"/>
    <property name="user.name" value="sumitagnihotri"/>
    <property name="path.separator" value=":"/>
    <property name="os.version" value="11.5"/>
    <property name="java.runtime.name" value="Java(TM) SE Runtime Environment"/>
    <property name="file.encoding" value="UTF-8"/>
    <property name="java.vm.name" value="Java HotSpot(TM) 64-Bit Server VM"/>
    <property name="localRepository" value="/Users/sumitagnihotri/.m2/repository"/>
    <property name="java.vendor.url.bug" value="https://bugreport.java.com/bugreport/"/>
    <property name="java.io.tmpdir" value="/var/folders/tk/bw1y5ptj2l5d5qvs4g8j_5p40000gn/T/"/>
    <property name="idea.version" value="2021.2"/>
    <property name="java.version" value="16.0.2"/>
    <property name="user.dir" value="/Volumes/iStore/Idea-Worksapce/DataDrivenFramework"/>
    <property name="os.arch" value="x86_64"/>
    <property name="java.vm.specification.name" value="Java Virtual Machine Specification"/>
    <property name="java.library.path" value="/Users/sumitagnihotri/Library/Java/Extensions:/Library/Java/Extensions:/Network/Library/Java/Extensions:/System/Library/Java/Extensions:/usr/lib/java:."/>
    <property name="java.vm.info" value="mixed mode, sharing"/>
    <property name="java.vendor" value="Oracle Corporation"/>
    <property name="java.vm.version" value="16.0.2+7-67"/>
    <property name="sun.io.unicode.encoding" value="UnicodeBig"/>
    <property name="socksNonProxyHosts" value="local|*.local|169.254/16|*.169.254/16"/>
    <property name="java.class.version" value="60.0"/>
  </properties>
  <testcase name="bankManagerLoginTest" classname="com.qa.testcases.BankManagerLoginTest" time="0.146">
    <system-err><![CDATA[SLF4J: Failed to load class "org.slf4j.impl.StaticLoggerBinder".
SLF4J: Defaulting to no-operation (NOP) logger implementation
SLF4J: See http://www.slf4j.org/codes.html#StaticLoggerBinder for further details.
Starting ChromeDriver 92.0.4515.107 (87a818b10553a07434ea9e2b6dccf3cbe7895134-refs/branch-heads/4515@{#1634}) on port 11783
Only local connections are allowed.
Please see https://chromedriver.chromium.org/security-considerations for suggestions on keeping ChromeDriver safe.
ChromeDriver was started successfully.
Aug 17, 2021 7:02:48 PM org.openqa.selenium.remote.ProtocolHandshake createSession
INFO: Detected dialect: W3C
]]></system-err>
  </testcase>
  <testcase name="addCustomerTest[{alerttext=Customer added successfully, postcode=A234wd, lastname=Arora, runmode=Y, firstname=Raman}](1)" classname="com.qa.testcases.AddCustomerTest" time="0.7"/>
  <testcase name="addCustomerTest[{alerttext=Customer added successfully, postcode=A234wd, lastname=Arora, runmode=Y, firstname=Rahul}](2)" classname="com.qa.testcases.AddCustomerTest" time="0.619"/>
  <testcase name="addCustomerTest[{alerttext=Customer added successfully, postcode=A234wd, lastname=Arora, runmode=N, firstname=Ishita}](3)" classname="com.qa.testcases.AddCustomerTest" time="0">
    <skipped message="Skipped the testData as the RunMode is No"/>
  </testcase>
  <testcase name="addCustomerTest[{alerttext=Customer added successfully, postcode=A234wd, lastname=Sehgal, runmode=Y, firstname=Rohit}](4)" classname="com.qa.testcases.AddCustomerTest" time="0.551"/>
  <testcase name="addCustomerTest[{alerttext=Customer added successfully, postcode=A234wd, lastname=Kumar, runmode=N, firstname=Prateek}](5)" classname="com.qa.testcases.AddCustomerTest" time="0">
    <skipped message="Skipped the testData as the RunMode is No"/>
  </testcase>
  <testcase name="addCustomerTest[{alerttext=Customer added successfully, postcode=A234wd, lastname=Kumar, runmode=Y, firstname=Sumit }](6)" classname="com.qa.testcases.AddCustomerTest" time="0.778"/>
  <testcase name="openAccountTest[{currency=Rupee, alerttext=Account created successfully, customer=Raman Arora}](1)" classname="com.qa.testcases.OpenAccountTest" time="0.601"/>
  <testcase name="openAccountTest[{currency=Rupee, alerttext=Account created successfully, customer=Sumit Kumar}](2)" classname="com.qa.testcases.OpenAccountTest" time="0.397"/>
</testsuite>