<?xml version="1.0" encoding="UTF-8"?>
<!-- Generated by org.testng.reporters.JUnitReportReporter -->
<testsuite hostname="Sumits-MacBook-Pro.local" failures="0" tests="1" name="com.qa.testcases.LoginTest" time="1.095" errors="0" timestamp="2021-08-12T18:14:14 IST" skipped="0">
  <testcase classname="com.qa.testcases.LoginTest" name="loginAsBankManager" time="1.095"/>
  <system-out/>
</testsuite> <!-- com.qa.testcases.LoginTest -->
