<?xml version="1.0" encoding="UTF-8"?>
<!-- Generated by org.testng.reporters.JUnitReportReporter -->
<testsuite hostname="Sumits-MacBook-Pro.local" failures="0" tests="5" name="com.qa.testcases.AddCustomerTest" time="3.183" errors="0" timestamp="2021-08-13T16:52:07 IST" skipped="0">
  <testcase classname="com.qa.testcases.AddCustomerTest" name="addCustomerTest" time="0.579"/>
  <system-out/>
  <testcase classname="com.qa.testcases.AddCustomerTest" name="addCustomerTest" time="0.692"/>
  <system-out/>
  <testcase classname="com.qa.testcases.AddCustomerTest" name="addCustomerTest" time="0.680"/>
  <system-out/>
  <testcase classname="com.qa.testcases.AddCustomerTest" name="addCustomerTest" time="0.633"/>
  <system-out/>
  <testcase classname="com.qa.testcases.AddCustomerTest" name="addCustomerTest" time="0.599"/>
  <system-out/>
</testsuite> <!-- com.qa.testcases.AddCustomerTest -->
