<?xml version="1.0" encoding="UTF-8"?>
<!-- Generated by org.testng.reporters.JUnitReportReporter -->
<testsuite hostname="Sumits-MacBook-Pro.local" failures="0" tests="6" name="com.qa.testcases.AddCustomerTest" time="2.651" errors="0" timestamp="2021-08-17T19:02:54 IST" skipped="2">
  <testcase classname="com.qa.testcases.AddCustomerTest" name="addCustomerTest" time="0.619"/>
  <system-out/>
  <testcase classname="com.qa.testcases.AddCustomerTest" name="addCustomerTest" time="0.700"/>
  <system-out/>
  <testcase classname="com.qa.testcases.AddCustomerTest" name="addCustomerTest" time="0.550"/>
  <system-out/>
  <testcase classname="com.qa.testcases.AddCustomerTest" name="addCustomerTest" time="0.780"/>
  <system-out/>
  <testcase classname="com.qa.testcases.AddCustomerTest" name="addCustomerTest" time="0.001">
    <skipped/>
  </testcase> <!-- addCustomerTest -->
  <system-out/>
  <testcase classname="com.qa.testcases.AddCustomerTest" name="addCustomerTest" time="0.001">
    <skipped/>
  </testcase> <!-- addCustomerTest -->
  <system-out/>
</testsuite> <!-- com.qa.testcases.AddCustomerTest -->
