<?xml version="1.0" encoding="UTF-8"?>
<!-- Generated by org.testng.reporters.JUnitReportReporter -->
<testsuite hostname="Sumits-MacBook-Pro.local" failures="0" tests="2" name="com.qa.testcases.OpenAccountTest" time="0.999" errors="0" timestamp="2021-08-17T19:02:54 IST" skipped="0">
  <testcase classname="com.qa.testcases.OpenAccountTest" name="openAccountTest" time="0.398"/>
  <system-out/>
  <testcase classname="com.qa.testcases.OpenAccountTest" name="openAccountTest" time="0.601"/>
  <system-out/>
</testsuite> <!-- com.qa.testcases.OpenAccountTest -->
