<?xml version="1.0" encoding="UTF-8"?>
<!-- Generated by org.testng.reporters.JUnitReportReporter -->
<testsuite hostname="Sumits-MacBook-Pro.local" failures="0" tests="1" name="com.qa.testcases.BankManagerLoginTest" time="0.186" errors="0" timestamp="2021-08-17T19:02:54 IST" skipped="0">
  <testcase classname="com.qa.testcases.BankManagerLoginTest" name="bankManagerLoginTest" time="0.186"/>
  <system-out/>
</testsuite> <!-- com.qa.testcases.BankManagerLoginTest -->
